### Starting TaskPrologue of job 1597691 on tg094 at Mon May 11 05:58:03 PM CEST 2026
Running on cores 32-63 with governor ondemand
Mon May 11 17:58:03 2026       
+-----------------------------------------------------------------------------------------+
| NVIDIA-SMI 595.71.05              Driver Version: 595.71.05      CUDA Version: 13.2     |
+-----------------------------------------+------------------------+----------------------+
| GPU  Name                 Persistence-M | Bus-Id          Disp.A | Volatile Uncorr. ECC |
| Fan  Temp   Perf          Pwr:Usage/Cap |           Memory-Usage | GPU-Util  Compute M. |
|                                         |                        |               MIG M. |
|=========================================+========================+======================|
|   0  NVIDIA A100-SXM4-40GB          On  |   00000000:41:00.0 Off |                    0 |
| N/A   42C    P0             57W /  400W |       0MiB /  40960MiB |      0%      Default |
|                                         |                        |             Disabled |
+-----------------------------------------+------------------------+----------------------+

+-----------------------------------------------------------------------------------------+
| Processes:                                                                              |
|  GPU   GI   CI              PID   Type   Process name                        GPU Memory |
|        ID   ID                                                               Usage      |
|=========================================================================================|
|  No running processes found                                                             |
+-----------------------------------------------------------------------------------------+
### Finished TaskPrologue

========== Training Model 256 Channels ==========
Initializing Training Process..
Batch size per GPU : 16
Using CUDA GPU: NVIDIA A100-SXM4-40GB
Generator(
  (conv_pre): Conv1d(80, 128, kernel_size=(7,), stride=(1,), padding=(3,))
  (ups): ModuleList(
    (0): ConvTranspose1d(128, 64, kernel_size=(16,), stride=(8,), padding=(4,))
    (1): ConvTranspose1d(64, 32, kernel_size=(16,), stride=(8,), padding=(4,))
    (2): ConvTranspose1d(32, 16, kernel_size=(4,), stride=(2,), padding=(1,))
    (3): ConvTranspose1d(16, 8, kernel_size=(4,), stride=(2,), padding=(1,))
  )
  (resblocks): ModuleList(
    (0): ResBlock1(
      (convs1): ModuleList(
        (0): Conv1d(64, 64, kernel_size=(3,), stride=(1,), padding=(1,))
        (1): Conv1d(64, 64, kernel_size=(3,), stride=(1,), padding=(3,), dilation=(3,))
        (2): Conv1d(64, 64, kernel_size=(3,), stride=(1,), padding=(5,), dilation=(5,))
      )
      (convs2): ModuleList(
        (0-2): 3 x Conv1d(64, 64, kernel_size=(3,), stride=(1,), padding=(1,))
      )
    )
    (1): ResBlock1(
      (convs1): ModuleList(
        (0): Conv1d(64, 64, kernel_size=(7,), stride=(1,), padding=(3,))
        (1): Conv1d(64, 64, kernel_size=(7,), stride=(1,), padding=(9,), dilation=(3,))
        (2): Conv1d(64, 64, kernel_size=(7,), stride=(1,), padding=(15,), dilation=(5,))
      )
      (convs2): ModuleList(
        (0-2): 3 x Conv1d(64, 64, kernel_size=(7,), stride=(1,), padding=(3,))
      )
    )
    (2): ResBlock1(
      (convs1): ModuleList(
        (0): Conv1d(64, 64, kernel_size=(11,), stride=(1,), padding=(5,))
        (1): Conv1d(64, 64, kernel_size=(11,), stride=(1,), padding=(15,), dilation=(3,))
        (2): Conv1d(64, 64, kernel_size=(11,), stride=(1,), padding=(25,), dilation=(5,))
      )
      (convs2): ModuleList(
        (0-2): 3 x Conv1d(64, 64, kernel_size=(11,), stride=(1,), padding=(5,))
      )
    )
    (3): ResBlock1(
      (convs1): ModuleList(
        (0): Conv1d(32, 32, kernel_size=(3,), stride=(1,), padding=(1,))
        (1): Conv1d(32, 32, kernel_size=(3,), stride=(1,), padding=(3,), dilation=(3,))
        (2): Conv1d(32, 32, kernel_size=(3,), stride=(1,), padding=(5,), dilation=(5,))
      )
      (convs2): ModuleList(
        (0-2): 3 x Conv1d(32, 32, kernel_size=(3,), stride=(1,), padding=(1,))
      )
    )
    (4): ResBlock1(
      (convs1): ModuleList(
        (0): Conv1d(32, 32, kernel_size=(7,), stride=(1,), padding=(3,))
        (1): Conv1d(32, 32, kernel_size=(7,), stride=(1,), padding=(9,), dilation=(3,))
        (2): Conv1d(32, 32, kernel_size=(7,), stride=(1,), padding=(15,), dilation=(5,))
      )
      (convs2): ModuleList(
        (0-2): 3 x Conv1d(32, 32, kernel_size=(7,), stride=(1,), padding=(3,))
      )
    )
    (5): ResBlock1(
      (convs1): ModuleList(
        (0): Conv1d(32, 32, kernel_size=(11,), stride=(1,), padding=(5,))
        (1): Conv1d(32, 32, kernel_size=(11,), stride=(1,), padding=(15,), dilation=(3,))
        (2): Conv1d(32, 32, kernel_size=(11,), stride=(1,), padding=(25,), dilation=(5,))
      )
      (convs2): ModuleList(
        (0-2): 3 x Conv1d(32, 32, kernel_size=(11,), stride=(1,), padding=(5,))
      )
    )
    (6): ResBlock1(
      (convs1): ModuleList(
        (0): Conv1d(16, 16, kernel_size=(3,), stride=(1,), padding=(1,))
        (1): Conv1d(16, 16, kernel_size=(3,), stride=(1,), padding=(3,), dilation=(3,))
        (2): Conv1d(16, 16, kernel_size=(3,), stride=(1,), padding=(5,), dilation=(5,))
      )
      (convs2): ModuleList(
        (0-2): 3 x Conv1d(16, 16, kernel_size=(3,), stride=(1,), padding=(1,))
      )
    )
    (7): ResBlock1(
      (convs1): ModuleList(
        (0): Conv1d(16, 16, kernel_size=(7,), stride=(1,), padding=(3,))
        (1): Conv1d(16, 16, kernel_size=(7,), stride=(1,), padding=(9,), dilation=(3,))
        (2): Conv1d(16, 16, kernel_size=(7,), stride=(1,), padding=(15,), dilation=(5,))
      )
      (convs2): ModuleList(
        (0-2): 3 x Conv1d(16, 16, kernel_size=(7,), stride=(1,), padding=(3,))
      )
    )
    (8): ResBlock1(
      (convs1): ModuleList(
        (0): Conv1d(16, 16, kernel_size=(11,), stride=(1,), padding=(5,))
        (1): Conv1d(16, 16, kernel_size=(11,), stride=(1,), padding=(15,), dilation=(3,))
        (2): Conv1d(16, 16, kernel_size=(11,), stride=(1,), padding=(25,), dilation=(5,))
      )
      (convs2): ModuleList(
        (0-2): 3 x Conv1d(16, 16, kernel_size=(11,), stride=(1,), padding=(5,))
      )
    )
    (9): ResBlock1(
      (convs1): ModuleList(
        (0): Conv1d(8, 8, kernel_size=(3,), stride=(1,), padding=(1,))
        (1): Conv1d(8, 8, kernel_size=(3,), stride=(1,), padding=(3,), dilation=(3,))
        (2): Conv1d(8, 8, kernel_size=(3,), stride=(1,), padding=(5,), dilation=(5,))
      )
      (convs2): ModuleList(
        (0-2): 3 x Conv1d(8, 8, kernel_size=(3,), stride=(1,), padding=(1,))
      )
    )
    (10): ResBlock1(
      (convs1): ModuleList(
        (0): Conv1d(8, 8, kernel_size=(7,), stride=(1,), padding=(3,))
        (1): Conv1d(8, 8, kernel_size=(7,), stride=(1,), padding=(9,), dilation=(3,))
        (2): Conv1d(8, 8, kernel_size=(7,), stride=(1,), padding=(15,), dilation=(5,))
      )
      (convs2): ModuleList(
        (0-2): 3 x Conv1d(8, 8, kernel_size=(7,), stride=(1,), padding=(3,))
      )
    )
    (11): ResBlock1(
      (convs1): ModuleList(
        (0): Conv1d(8, 8, kernel_size=(11,), stride=(1,), padding=(5,))
        (1): Conv1d(8, 8, kernel_size=(11,), stride=(1,), padding=(15,), dilation=(3,))
        (2): Conv1d(8, 8, kernel_size=(11,), stride=(1,), padding=(25,), dilation=(5,))
      )
      (convs2): ModuleList(
        (0-2): 3 x Conv1d(8, 8, kernel_size=(11,), stride=(1,), padding=(5,))
      )
    )
  )
  (conv_post): Conv1d(8, 1, kernel_size=(7,), stride=(1,), padding=(3,))
)
checkpoints directory :  cp_hifigan/v1_c256
history checkpoints directory :  /home/woody/vlbi/vlbi107v/cp_hifigan/v1_c256
Loading 'cp_hifigan/v1_c256/g_00715000'
Complete.
Loading 'cp_hifigan/v1_c256/do_00715000'
Complete.
=== JOB_STATISTICS ===
=== current date     : Mon May 11 05:58:21 PM CEST 2026
= Job-ID             : 1597691 on tinygpu
= Job-Name           : train_256ch
= Job-Command        : /home/hpc/vlbi/vlbi107v/hifi-gan/train.sh
= Initial workdir    : /home/hpc/vlbi/vlbi107v/hifi-gan
= Queue/Partition    : a100
= Slurm account      : vlbi with QOS=normal
= Requested resources:  for 1-00:00:00
= Elapsed runtime    : 00:00:21
= Total RAM usage    : 1.3 GiB of requested  GiB (%)   
= Node list          : tg094
= Subm/Elig/Start/End: 2026-05-11T17:57:32 / 2026-05-11T17:57:32 / 2026-05-11T17:58:00 / 2026-05-11T17:58:21
======================
=== Quota infos ======
    Path                 Used     SoftQ    HardQ    Gracetime  Filec    FileQ    FiHaQ    FileGrace    
    /home/woody            23.8G  1000.0G  1500.0G        N/A      72K   5,000K   7,500K        N/A    
    /home/hpc              60.2G   104.9G   209.7G        N/A  39,418      500K   1,000K        N/A    
======================
=== GPU utilization ==
gpu_name, gpu_bus_id, pid, gpu_utilization [%], mem_utilization [%], max_memory_usage [MiB], time [ms]
NVIDIA A100-SXM4-40GB, 00000000:41:00.0, 3909815, 1 %, 0 %, 1560 MiB, 5639 ms
