### Starting TaskPrologue of job 1606366 on tg071 at Sat May 16 02:03:30 PM CEST 2026
Running on cores 0-1,8-9,17-18,24-25 with governor ondemand
Sat May 16 14:03:30 2026       
+-----------------------------------------------------------------------------------------+
| NVIDIA-SMI 570.211.01             Driver Version: 570.211.01     CUDA Version: 12.8     |
|-----------------------------------------+------------------------+----------------------+
| GPU  Name                 Persistence-M | Bus-Id          Disp.A | Volatile Uncorr. ECC |
| Fan  Temp   Perf          Pwr:Usage/Cap |           Memory-Usage | GPU-Util  Compute M. |
|                                         |                        |               MIG M. |
|=========================================+========================+======================|
|   0  Tesla V100-PCIE-32GB           On  |   00000000:18:00.0 Off |                    0 |
| N/A   30C    P0             27W /  250W |       0MiB /  32768MiB |      0%      Default |
|                                         |                        |                  N/A |
+-----------------------------------------+------------------------+----------------------+
                                                                                         
+-----------------------------------------------------------------------------------------+
| Processes:                                                                              |
|  GPU   GI   CI              PID   Type   Process name                        GPU Memory |
|        ID   ID                                                               Usage      |
|=========================================================================================|
|  No running processes found                                                             |
+-----------------------------------------------------------------------------------------+
### Finished TaskPrologue

========== Model 256 Channels ==========
========== Starting Inference ==========
Initializing Inference Process..
Loading '/home/woody/vlbi/vlbi107v/cp_hifigan/v1_c256/g_02090000'
Complete.
Removing weight norm...
generated_c256_wav/61-70968-0004_generated.wav | RTF: 3.6664(14.244s / 3.885s)
generated_c256_wav/61-70968-0019_generated.wav | RTF: 0.0074(0.040s / 5.475s)
generated_c256_wav/61-70968-0014_generated.wav | RTF: 0.0052(0.039s / 7.485s)
generated_c256_wav/61-70968-0001_generated.wav | RTF: 0.0115(0.041s / 3.610s)
generated_c256_wav/61-70968-0015_generated.wav | RTF: 0.0102(0.055s / 5.375s)
generated_c256_wav/61-70968-0009_generated.wav | RTF: 0.0113(0.051s / 4.510s)
generated_c256_wav/61-70968-0011_generated.wav | RTF: 0.0080(0.051s / 6.375s)
generated_c256_wav/61-70968-0017_generated.wav | RTF: 0.0103(0.053s / 5.110s)
generated_c256_wav/61-70968-0007_generated.wav | RTF: 0.0143(0.051s / 3.550s)
generated_c256_wav/61-70968-0016_generated.wav | RTF: 0.0099(0.037s / 3.720s)
generated_c256_wav/61-70968-0003_generated.wav | RTF: 0.0085(0.037s / 4.315s)
generated_c256_wav/61-70968-0005_generated.wav | RTF: 0.0114(0.058s / 5.070s)
generated_c256_wav/61-70968-0006_generated.wav | RTF: 0.0208(0.061s / 2.935s)
generated_c256_wav/61-70968-0008_generated.wav | RTF: 0.0153(0.054s / 3.535s)
generated_c256_wav/61-70968-0000_generated.wav | RTF: 0.0101(0.050s / 4.905s)
generated_c256_wav/61-70968-0013_generated.wav | RTF: 0.0105(0.047s / 4.450s)
generated_c256_wav/61-70968-0002_generated.wav | RTF: 0.0183(0.054s / 2.970s)
generated_c256_wav/61-70968-0018_generated.wav | RTF: 0.0226(0.054s / 2.405s)
generated_c256_wav/61-70968-0010_generated.wav | RTF: 0.0059(0.049s / 8.295s)
generated_c256_wav/61-70968-0012_generated.wav | RTF: 0.0189(0.049s / 2.610s)
Average RTF: 0.1675(15.174s / 90.585s)
========== Starting Evaluation ==========
Processed 20/20 pairs
Pairs evaluated: 20
Mel L1: 0.284842
PESQ: 2.194670
STOI: 0.934953
========== Done ==========
=== JOB_STATISTICS ===
=== current date     : Sat May 16 02:09:21 PM CEST 2026
= Job-ID             : 1606366 on tinygpu
= Job-Name           : inference_256ch
= Job-Command        : /home/hpc/vlbi/vlbi107v/hifi-gan/inference.sh
= Initial workdir    : /home/hpc/vlbi/vlbi107v/hifi-gan
= Queue/Partition    : v100
= Slurm account      : vlbi with QOS=normal
= Requested resources:  for 02:00:00
= Elapsed runtime    : 00:05:54
= Total RAM usage    : 1.1 GiB of requested  GiB (%)   
= Node list          : tg071
= Subm/Elig/Start/End: 2026-05-16T13:48:55 / 2026-05-16T13:48:55 / 2026-05-16T14:03:27 / 2026-05-16T14:09:21
======================
=== Quota infos ======
    Path                 Used     SoftQ    HardQ    Gracetime  Filec    FileQ    FiHaQ    FileGrace    
    /home/woody           243.9G  1000.0G  1500.0G        N/A      72K   5,000K   7,500K        N/A    
    /home/hpc              73.1G   104.9G   209.7G        N/A  39,780      500K   1,000K        N/A    
======================
=== GPU utilization ==
gpu_name, gpu_bus_id, pid, gpu_utilization [%], mem_utilization [%], max_memory_usage [MiB], time [ms]
Tesla V100-PCIE-32GB, 00000000:18:00.0, 287981, 0 %, 0 %, 516 MiB, 30323 ms
